[2023-05-22 09:44:25] production.ERROR: SQLSTATE[HY000] [1045] Access denied for user 'forge'@'localhost' (using password: NO) (SQL: select * from information_schema.tables where table_schema = forge and table_name = migrations and table_type = 'BASE TABLE') {"exception":"[object] (Illuminate\\Database\\QueryException(code: 1045): SQLSTATE[HY000] [1045] Access denied for user 'forge'@'localhost' (using password: NO) (SQL: select * from information_schema.tables where table_schema = forge and table_name = migrations and table_type = 'BASE TABLE') at /var/www/html/sccop2/vendor/laravel/framework/src/Illuminate/Database/Connection.php:664, PDOException(code: 1045): SQLSTATE[HY000] [1045] Access denied for user 'forge'@'localhost' (using password: NO) at /var/www/html/sccop2/vendor/laravel/framework/src/Illuminate/Database/Connectors/Connector.php:70)
[stacktrace]
#0 /var/www/html/sccop2/vendor/laravel/framework/src/Illuminate/Database/Connection.php(624): Illuminate\\Database\\Connection->runQueryCallback()
#1 /var/www/html/sccop2/vendor/laravel/framework/src/Illuminate/Database/Connection.php(333): Illuminate\\Database\\Connection->run()
#2 /var/www/html/sccop2/vendor/laravel/framework/src/Illuminate/Database/Schema/MySqlBuilder.php(18): Illuminate\\Database\\Connection->select()
#3 /var/www/html/sccop2/vendor/laravel/framework/src/Illuminate/Database/Migrations/DatabaseMigrationRepository.php(169): Illuminate\\Database\\Schema\\MySqlBuilder->hasTable()
#4 /var/www/html/sccop2/vendor/laravel/framework/src/Illuminate/Database/Migrations/Migrator.php(585): Illuminate\\Database\\Migrations\\DatabaseMigrationRepository->repositoryExists()
#5 /var/www/html/sccop2/vendor/laravel/framework/src/Illuminate/Database/Console/Migrations/MigrateCommand.php(91): Illuminate\\Database\\Migrations\\Migrator->repositoryExists()
#6 /var/www/html/sccop2/vendor/laravel/framework/src/Illuminate/Database/Console/Migrations/MigrateCommand.php(63): Illuminate\\Database\\Console\\Migrations\\MigrateCommand->prepareDatabase()
#7 [internal function]: Illuminate\\Database\\Console\\Migrations\\MigrateCommand->handle()
#8 /var/www/html/sccop2/vendor/laravel/framework/src/Illuminate/Container/BoundMethod.php(32): call_user_func_array()
#9 /var/www/html/sccop2/vendor/laravel/framework/src/Illuminate/Container/BoundMethod.php(90): Illuminate\\Container\\BoundMethod::Illuminate\\Container\\{closure}()
#10 /var/www/html/sccop2/vendor/laravel/framework/src/Illuminate/Container/BoundMethod.php(34): Illuminate\\Container\\BoundMethod::callBoundMethod()
#11 /var/www/html/sccop2/vendor/laravel/framework/src/Illuminate/Container/Container.php(576): Illuminate\\Container\\BoundMethod::call()
#12 /var/www/html/sccop2/vendor/laravel/framework/src/Illuminate/Console/Command.php(183): Illuminate\\Container\\Container->call()
#13 /var/www/html/sccop2/vendor/symfony/console/Command/Command.php(255): Illuminate\\Console\\Command->execute()
#14 /var/www/html/sccop2/vendor/laravel/framework/src/Illuminate/Console/Command.php(170): Symfony\\Component\\Console\\Command\\Command->run()
#15 /var/www/html/sccop2/vendor/symfony/console/Application.php(1009): Illuminate\\Console\\Command->run()
#16 /var/www/html/sccop2/vendor/symfony/console/Application.php(273): Symfony\\Component\\Console\\Application->doRunCommand()
#17 /var/www/html/sccop2/vendor/symfony/console/Application.php(149): Symfony\\Component\\Console\\Application->doRun()
#18 /var/www/html/sccop2/vendor/laravel/framework/src/Illuminate/Console/Application.php(90): Symfony\\Component\\Console\\Application->run()
#19 /var/www/html/sccop2/vendor/laravel/framework/src/Illuminate/Foundation/Console/Kernel.php(133): Illuminate\\Console\\Application->run()
#20 /var/www/html/sccop2/artisan(35): Illuminate\\Foundation\\Console\\Kernel->handle()
#21 {main}
"} 
[2023-05-22 09:45:15] local.ERROR: SQLSTATE[HY000] [1045] Access denied for user 'wabwire'@'localhost' (using password: YES) (SQL: select * from information_schema.tables where table_schema = pos and table_name = migrations and table_type = 'BASE TABLE') {"exception":"[object] (Illuminate\\Database\\QueryException(code: 1045): SQLSTATE[HY000] [1045] Access denied for user 'wabwire'@'localhost' (using password: YES) (SQL: select * from information_schema.tables where table_schema = pos and table_name = migrations and table_type = 'BASE TABLE') at /var/www/html/sccop2/vendor/laravel/framework/src/Illuminate/Database/Connection.php:664, PDOException(code: 1045): SQLSTATE[HY000] [1045] Access denied for user 'wabwire'@'localhost' (using password: YES) at /var/www/html/sccop2/vendor/laravel/framework/src/Illuminate/Database/Connectors/Connector.php:70)
[stacktrace]
#0 /var/www/html/sccop2/vendor/laravel/framework/src/Illuminate/Database/Connection.php(624): Illuminate\\Database\\Connection->runQueryCallback()
#1 /var/www/html/sccop2/vendor/laravel/framework/src/Illuminate/Database/Connection.php(333): Illuminate\\Database\\Connection->run()
#2 /var/www/html/sccop2/vendor/laravel/framework/src/Illuminate/Database/Schema/MySqlBuilder.php(18): Illuminate\\Database\\Connection->select()
#3 /var/www/html/sccop2/vendor/laravel/framework/src/Illuminate/Database/Migrations/DatabaseMigrationRepository.php(169): Illuminate\\Database\\Schema\\MySqlBuilder->hasTable()
#4 /var/www/html/sccop2/vendor/laravel/framework/src/Illuminate/Database/Migrations/Migrator.php(585): Illuminate\\Database\\Migrations\\DatabaseMigrationRepository->repositoryExists()
#5 /var/www/html/sccop2/vendor/laravel/framework/src/Illuminate/Database/Console/Migrations/MigrateCommand.php(91): Illuminate\\Database\\Migrations\\Migrator->repositoryExists()
#6 /var/www/html/sccop2/vendor/laravel/framework/src/Illuminate/Database/Console/Migrations/MigrateCommand.php(63): Illuminate\\Database\\Console\\Migrations\\MigrateCommand->prepareDatabase()
#7 [internal function]: Illuminate\\Database\\Console\\Migrations\\MigrateCommand->handle()
#8 /var/www/html/sccop2/vendor/laravel/framework/src/Illuminate/Container/BoundMethod.php(32): call_user_func_array()
#9 /var/www/html/sccop2/vendor/laravel/framework/src/Illuminate/Container/BoundMethod.php(90): Illuminate\\Container\\BoundMethod::Illuminate\\Container\\{closure}()
#10 /var/www/html/sccop2/vendor/laravel/framework/src/Illuminate/Container/BoundMethod.php(34): Illuminate\\Container\\BoundMethod::callBoundMethod()
#11 /var/www/html/sccop2/vendor/laravel/framework/src/Illuminate/Container/Container.php(576): Illuminate\\Container\\BoundMethod::call()
#12 /var/www/html/sccop2/vendor/laravel/framework/src/Illuminate/Console/Command.php(183): Illuminate\\Container\\Container->call()
#13 /var/www/html/sccop2/vendor/symfony/console/Command/Command.php(255): Illuminate\\Console\\Command->execute()
#14 /var/www/html/sccop2/vendor/laravel/framework/src/Illuminate/Console/Command.php(170): Symfony\\Component\\Console\\Command\\Command->run()
#15 /var/www/html/sccop2/vendor/symfony/console/Application.php(1009): Illuminate\\Console\\Command->run()
#16 /var/www/html/sccop2/vendor/symfony/console/Application.php(273): Symfony\\Component\\Console\\Application->doRunCommand()
#17 /var/www/html/sccop2/vendor/symfony/console/Application.php(149): Symfony\\Component\\Console\\Application->doRun()
#18 /var/www/html/sccop2/vendor/laravel/framework/src/Illuminate/Console/Application.php(90): Symfony\\Component\\Console\\Application->run()
#19 /var/www/html/sccop2/vendor/laravel/framework/src/Illuminate/Foundation/Console/Kernel.php(133): Illuminate\\Console\\Application->run()
#20 /var/www/html/sccop2/artisan(35): Illuminate\\Foundation\\Console\\Kernel->handle()
#21 {main}
"} 
[2023-05-22 09:48:15] local.ERROR: Unable to prepare route [api/user] for serialization. Uses Closure. {"exception":"[object] (LogicException(code: 0): Unable to prepare route [api/user] for serialization. Uses Closure. at /var/www/html/sccop2/vendor/laravel/framework/src/Illuminate/Routing/Route.php:917)
[stacktrace]
#0 /var/www/html/sccop2/vendor/laravel/framework/src/Illuminate/Foundation/Console/RouteCacheCommand.php(62): Illuminate\\Routing\\Route->prepareForSerialization()
#1 [internal function]: Illuminate\\Foundation\\Console\\RouteCacheCommand->handle()
#2 /var/www/html/sccop2/vendor/laravel/framework/src/Illuminate/Container/BoundMethod.php(32): call_user_func_array()
#3 /var/www/html/sccop2/vendor/laravel/framework/src/Illuminate/Container/BoundMethod.php(90): Illuminate\\Container\\BoundMethod::Illuminate\\Container\\{closure}()
#4 /var/www/html/sccop2/vendor/laravel/framework/src/Illuminate/Container/BoundMethod.php(34): Illuminate\\Container\\BoundMethod::callBoundMethod()
#5 /var/www/html/sccop2/vendor/laravel/framework/src/Illuminate/Container/Container.php(576): Illuminate\\Container\\BoundMethod::call()
#6 /var/www/html/sccop2/vendor/laravel/framework/src/Illuminate/Console/Command.php(183): Illuminate\\Container\\Container->call()
#7 /var/www/html/sccop2/vendor/symfony/console/Command/Command.php(255): Illuminate\\Console\\Command->execute()
#8 /var/www/html/sccop2/vendor/laravel/framework/src/Illuminate/Console/Command.php(170): Symfony\\Component\\Console\\Command\\Command->run()
#9 /var/www/html/sccop2/vendor/laravel/framework/src/Illuminate/Console/Command.php(198): Illuminate\\Console\\Command->run()
#10 /var/www/html/sccop2/vendor/laravel/framework/src/Illuminate/Foundation/Console/OptimizeCommand.php(31): Illuminate\\Console\\Command->call()
#11 [internal function]: Illuminate\\Foundation\\Console\\OptimizeCommand->handle()
#12 /var/www/html/sccop2/vendor/laravel/framework/src/Illuminate/Container/BoundMethod.php(32): call_user_func_array()
#13 /var/www/html/sccop2/vendor/laravel/framework/src/Illuminate/Container/BoundMethod.php(90): Illuminate\\Container\\BoundMethod::Illuminate\\Container\\{closure}()
#14 /var/www/html/sccop2/vendor/laravel/framework/src/Illuminate/Container/BoundMethod.php(34): Illuminate\\Container\\BoundMethod::callBoundMethod()
#15 /var/www/html/sccop2/vendor/laravel/framework/src/Illuminate/Container/Container.php(576): Illuminate\\Container\\BoundMethod::call()
#16 /var/www/html/sccop2/vendor/laravel/framework/src/Illuminate/Console/Command.php(183): Illuminate\\Container\\Container->call()
#17 /var/www/html/sccop2/vendor/symfony/console/Command/Command.php(255): Illuminate\\Console\\Command->execute()
#18 /var/www/html/sccop2/vendor/laravel/framework/src/Illuminate/Console/Command.php(170): Symfony\\Component\\Console\\Command\\Command->run()
#19 /var/www/html/sccop2/vendor/symfony/console/Application.php(1009): Illuminate\\Console\\Command->run()
#20 /var/www/html/sccop2/vendor/symfony/console/Application.php(273): Symfony\\Component\\Console\\Application->doRunCommand()
#21 /var/www/html/sccop2/vendor/symfony/console/Application.php(149): Symfony\\Component\\Console\\Application->doRun()
#22 /var/www/html/sccop2/vendor/laravel/framework/src/Illuminate/Console/Application.php(90): Symfony\\Component\\Console\\Application->run()
#23 /var/www/html/sccop2/vendor/laravel/framework/src/Illuminate/Foundation/Console/Kernel.php(133): Illuminate\\Console\\Application->run()
#24 /var/www/html/sccop2/artisan(35): Illuminate\\Foundation\\Console\\Kernel->handle()
#25 {main}
"} 
